A = 1134900
R = 0.837629
b0 552 563 R
b1 862 995
b2 214 0
b3 0 910
b4 168 46 R
b5 343 184
b6 757 226 R
b7 698 742
b8 851 767 R
b9 365 1145
b10 0 323 R
b11 484 0
b12 94 504
b13 406 124
b14 109 267 R
b15 416 934
b16 463 869
b17 568 400
b18 732 663
b19 497 179
b20 287 541 R
b21 77 377
b22 167 1069
b23 588 527
b24 358 31
b25 444 495
b26 600 326
b27 168 793
b28 910 321
b29 47 730
b30 591 471
b31 421 440
b32 758 867
b33 415 384
b34 92 97 R
b35 560 122
b36 460 104 R
b37 70 201
b38 263 838 R
b39 883 321
b40 887 1052
b41 251 302
b42 405 798 R
b43 626 217
b44 88 350
b45 643 637
b46 355 405
b47 399 838
b48 333 203
b49 590 563
b50 90 621
b51 798 542
b52 147 377 R
b53 397 636
b54 95 201 R
b55 596 1079
b56 714 1088 R
b57 0 270
b58 350 533 R
b59 60 934
b60 355 0 R
b61 166 302
b62 263 601
b63 73 511
b64 307 31 R
b65 483 574
b66 517 269 R
b67 491 770
b68 275 198 R
b69 854 215
b70 520 495
b71 177 88
b72 159 0 R
b73 320 838
b74 271 988 R
b75 789 612
b76 759 99 R
b77 0 557
b78 687 99 R
b79 0 349
b80 203 0
b81 386 0
b82 579 302
b83 336 124
b84 59 270 R
b85 787 480
b86 65 1018
b87 341 722
b88 0 819
b89 263 927
b90 871 76
b91 645 326
b92 348 235 R
b93 692 176
b94 576 687 R
b95 404 1030
b96 535 448 R
b97 768 867
b98 86 910
b99 46 1073
b100 579 1010 R
b101 483 104
b102 767 938
b103 181 801
b104 259 0 R
b105 126 1012
b106 456 952
b107 355 305
b108 274 185 R
b109 184 185
b110 240 220 R
b111 891 488
b112 777 397 R
b113 0 24
b114 453 384
b115 533 930
b116 0 647 R
b117 606 637
b118 185 289 R
b119 224 435
b120 263 31
b121 441 1132
b122 244 859
b123 397 186
b124 325 1145 R
b125 651 379
b126 883 160
b127 218 541
b128 23 934 R
b129 478 683
b130 512 31
b131 632 864
b132 775 165
b133 360 927
b134 855 480 R
b135 846 390
b136 861 146
b137 34 659
b138 409 683
b139 0 441
b140 538 613
b141 675 937
b142 411 305 R
b143 601 687
b144 119 925
b145 0 934
b146 199 833 R
b147 144 588
b148 502 574
b149 877 941
b150 746 663 R
b151 521 360
b152 881 972 R
b153 83 716
b154 154 1025 R
b155 151 504
b156 862 941 R
b157 666 229
b158 578 0 R
b159 609 593
b160 78 1077
b161 735 176
b162 273 463
b163 534 495
b164 763 663
b165 367 533
b166 237 463 R
b167 610 259
b168 183 833 R
b169 147 418
b170 239 374 R
b171 930 160
b172 658 663
b173 683 527
b174 86 0 R
b175 583 930
b176 260 1083 R
b177 572 637
b178 342 452 R
b179 313 974
b180 605 471
b181 874 241
b182 190 121 R
b183 834 1071
b184 431 1114 R
b185 936 969
b186 773 48 R
b187 301 355
b188 653 810
b189 580 56
b190 176 621
b191 23 1073
b192 643 471 R
b193 532 869
b194 335 636 R
b195 699 612
b196 273 629 R
b197 679 992
b198 69 819 R
b199 0 1073
b200 694 0
b201 872 0
b202 149 0
b203 645 56
b204 682 397
b205 719 760
b206 249 801
b207 664 527
b208 514 302
b209 327 435
b210 509 1132
b211 719 320
b212 734 462 R
b213 752 0
b214 676 883
b215 804 1041
b216 60 495 R
b217 851 677
b218 386 574
b219 0 0
b220 357 1114
b221 184 859
b222 956 76 R
b223 84 167
b224 0 173 R
b225 494 448
b226 635 1079
b227 869 579
b228 678 74 R
b229 622 742
b230 75 793
b231 582 1079
b232 716 99 R
b233 784 747
b234 183 701
b235 886 393
b236 798 864 R
b237 704 810
b238 280 99 R
b239 458 1114
b240 83 833 R
b241 749 176
b242 784 310
b243 415 480
b244 262 961
b245 96 0
b246 765 542 R
b247 492 300
b248 0 754 R
b249 657 0
b250 488 31 R
b251 874 864
b252 841 86 R
b253 781 0
b254 154 267 R
b255 357 427
b256 587 781 R
b257 449 31
b258 561 56 R
b259 799 1004
b260 792 882 R
b261 10 1073
b262 171 932
b263 314 435
b264 339 305 R
b265 901 864
b266 634 156 R
b267 502 1089
b268 548 869 R
b269 200 935
b270 491 687
b271 492 1020
b272 0 1018 R
b273 32 173
b274 599 424 R
b275 741 1004
b276 0 492 R
b277 0 659
b278 938 677 R
b279 89 440
b280 647 883 R
b281 0 116
b282 538 217 R
b283 442 235
b284 388 934
b285 404 934
b286 89 588 R
b287 305 798
b288 212 985 R
b289 471 269
b290 738 320 R
b291 251 722
b292 212 93 R
b293 30 31
b294 809 165 R
b295 490 613
b296 185 220
b297 281 764
b298 900 941
b299 466 772